Log file opened on Thu Dec 10 16:34:54 2020
Host: cpu-h21a8-u4-svn3.cloud.um6p.ma  pid: 77355  rank ID: 0  number of ranks:  1792
                      :-) GROMACS - gmx mdrun, 2016.6 (-:

                            GROMACS is written by:
     Emile Apol      Rossen Apostolov  Herman J.C. Berendsen    Par Bjelkmar   
 Aldert van Buuren   Rudi van Drunen     Anton Feenstra    Gerrit Groenhof  
 Christoph Junghans   Anca Hamuraru    Vincent Hindriksen Dimitrios Karkoulis
    Peter Kasson        Jiri Kraus      Carsten Kutzner      Per Larsson    
  Justin A. Lemkul   Magnus Lundborg   Pieter Meulenhoff    Erik Marklund   
   Teemu Murtola       Szilard Pall       Sander Pronk      Roland Schulz   
  Alexey Shvetsov     Michael Shirts     Alfons Sijbers     Peter Tieleman  
  Teemu Virolainen  Christian Wennberg    Maarten Wolf   
                           and the project leaders:
        Mark Abraham, Berk Hess, Erik Lindahl, and David van der Spoel

Copyright (c) 1991-2000, University of Groningen, The Netherlands.
Copyright (c) 2001-2017, The GROMACS development team at
Uppsala University, Stockholm University and
the Royal Institute of Technology, Sweden.
check out http://www.gromacs.org for more information.

GROMACS is free software; you can redistribute it and/or modify it
under the terms of the GNU Lesser General Public License
as published by the Free Software Foundation; either version 2.1
of the License, or (at your option) any later version.

GROMACS:      gmx mdrun, version 2016.6
Executable:   /mnt/nfs/centos/spack/opt/spack/linux-centos8-cascadelake/gcc-9.1.0/gromacs-2016.6-rvnthv3stez7j5k6xdaylm6brpe4qprc/bin/gmx_mpi
Data prefix:  /mnt/nfs/centos/spack/opt/spack/linux-centos8-cascadelake/gcc-9.1.0/gromacs-2016.6-rvnthv3stez7j5k6xdaylm6brpe4qprc
Working dir:  /mnt/nfs/centos/hpc-tests/stage/um6p/ib-gcc9-ompi3-ucx/gromacs/Gromacs_HECBioSim_1400k_atoms_um6p_ib_gcc9_ompi3_ucx_1792_56
Command line:
  gmx_mpi mdrun -s benchmark.tpr -g 1400k-atoms.log -noconfout

GROMACS version:    2016.6
Precision:          single
Memory model:       64 bit
MPI library:        MPI
OpenMP support:     enabled (GMX_OPENMP_MAX_THREADS = 32)
GPU support:        disabled
SIMD instructions:  AVX_512
FFT library:        fftw-3.3.8-sse2-avx-avx2-avx2_128-avx512
RDTSCP usage:       enabled
TNG support:        enabled
Hwloc support:      hwloc-1.11.6
Tracing support:    disabled
Built on:           Thu Dec 10 14:44:03 UTC 2020
Built by:           centos@slurm-control.cloud.um6p.ma [CMAKE]
Build OS/arch:      Linux 4.18.0-193.19.1.el8_2.x86_64 x86_64
Build CPU vendor:   Unknown
Build CPU brand:    Unknown
Build CPU family:   0   Model: 0   Stepping: 0
Build CPU features: Unknown
C compiler:         /mnt/nfs/centos/spack/lib/spack/env/gcc/gcc GNU 9.1.0
C compiler flags:    -mavx512f -mfma -pthread    -O2 -g -DNDEBUG -funroll-all-loops -fexcess-precision=fast 
C++ compiler:       /mnt/nfs/centos/spack/lib/spack/env/gcc/g++ GNU 9.1.0
C++ compiler flags:  -mavx512f -mfma -pthread   -std=c++0x   -O2 -g -DNDEBUG -funroll-all-loops -fexcess-precision=fast 


Running on 32 nodes with total 1792 cores, 1792 logical cores
  Cores per node:           56
  Logical cores per node:   56
Hardware detected on host cpu-h21a8-u4-svn3.cloud.um6p.ma (the node of MPI rank 0):
  CPU info:
    Vendor: Intel
    Brand:  Intel(R) Xeon(R) Platinum 8276 CPU @ 2.20GHz
    Family: 6   Model: 85   Stepping: 7
    Features: aes apic avx avx2 avx512f avx512cd avx512bw avx512vl clfsh cmov cx8 cx16 f16c fma hle htt lahf mmx msr nonstop_tsc pcid pclmuldq pdcm pdpe1gb popcnt pse rdrnd rdtscp rtm sse2 sse3 sse4.1 sse4.2 ssse3 tdt x2apic
    SIMD instructions most likely to fit this hardware: AVX_512
    SIMD instructions selected at GROMACS compile time: AVX_512

  Hardware topology: Full, with devices
    Sockets, cores, and logical processors:
      Socket  0: [   0] [   2] [   4] [   6] [   8] [  10] [  12] [  14] [  16] [  18] [  20] [  22] [  24] [  26] [  28] [  30] [  32] [  34] [  36] [  38] [  40] [  42] [  44] [  46] [  48] [  50] [  52] [  54]
      Socket  1: [   1] [   3] [   5] [   7] [   9] [  11] [  13] [  15] [  17] [  19] [  21] [  23] [  25] [  27] [  29] [  31] [  33] [  35] [  37] [  39] [  41] [  43] [  45] [  47] [  49] [  51] [  53] [  55]
    Numa nodes:
      Node  0 (99671965696 bytes mem):   0   2   4   6   8  10  12  14  16  18  20  22  24  26  28  30  32  34  36  38  40  42  44  46  48  50  52  54
      Node  1 (101432807424 bytes mem):   1   3   5   7   9  11  13  15  17  19  21  23  25  27  29  31  33  35  37  39  41  43  45  47  49  51  53  55
      Latency:
               0     1
         0  1.00  2.10
         1  2.10  1.00
    Caches:
      L1: 32768 bytes, linesize 64 bytes, assoc. 8, shared 1 ways
      L2: 1048576 bytes, linesize 64 bytes, assoc. 16, shared 1 ways
      L3: 40370176 bytes, linesize 64 bytes, assoc. 11, shared 28 ways
    PCI devices:
      0000:00:11.5  Id: 8086:a1d2  Class: 0x0106  Numa: 0
      0000:00:17.0  Id: 8086:a182  Class: 0x0106  Numa: 0
      0000:03:00.0  Id: 102b:0536  Class: 0x0300  Numa: 0
      0000:5e:00.0  Id: 15b3:101b  Class: 0x0207  Numa: 0
      0000:5e:00.1  Id: 15b3:101b  Class: 0x0200  Numa: 0


++++ PLEASE READ AND CITE THE FOLLOWING REFERENCE ++++
M. J. Abraham, T. Murtola, R. Schulz, S. Páll, J. C. Smith, B. Hess, E.
Lindahl
GROMACS: High performance molecular simulations through multi-level
parallelism from laptops to supercomputers
SoftwareX 1 (2015) pp. 19-25
-------- -------- --- Thank You --- -------- --------


++++ PLEASE READ AND CITE THE FOLLOWING REFERENCE ++++
S. Páll, M. J. Abraham, C. Kutzner, B. Hess, E. Lindahl
Tackling Exascale Software Challenges in Molecular Dynamics Simulations with
GROMACS
In S. Markidis & E. Laure (Eds.), Solving Software Challenges for Exascale 8759 (2015) pp. 3-27
-------- -------- --- Thank You --- -------- --------


++++ PLEASE READ AND CITE THE FOLLOWING REFERENCE ++++
S. Pronk, S. Páll, R. Schulz, P. Larsson, P. Bjelkmar, R. Apostolov, M. R.
Shirts, J. C. Smith, P. M. Kasson, D. van der Spoel, B. Hess, and E. Lindahl
GROMACS 4.5: a high-throughput and highly parallel open source molecular
simulation toolkit
Bioinformatics 29 (2013) pp. 845-54
-------- -------- --- Thank You --- -------- --------


++++ PLEASE READ AND CITE THE FOLLOWING REFERENCE ++++
B. Hess and C. Kutzner and D. van der Spoel and E. Lindahl
GROMACS 4: Algorithms for highly efficient, load-balanced, and scalable
molecular simulation
J. Chem. Theory Comput. 4 (2008) pp. 435-447
-------- -------- --- Thank You --- -------- --------


++++ PLEASE READ AND CITE THE FOLLOWING REFERENCE ++++
D. van der Spoel, E. Lindahl, B. Hess, G. Groenhof, A. E. Mark and H. J. C.
Berendsen
GROMACS: Fast, Flexible and Free
J. Comp. Chem. 26 (2005) pp. 1701-1719
-------- -------- --- Thank You --- -------- --------


++++ PLEASE READ AND CITE THE FOLLOWING REFERENCE ++++
E. Lindahl and B. Hess and D. van der Spoel
GROMACS 3.0: A package for molecular simulation and trajectory analysis
J. Mol. Mod. 7 (2001) pp. 306-317
-------- -------- --- Thank You --- -------- --------


++++ PLEASE READ AND CITE THE FOLLOWING REFERENCE ++++
H. J. C. Berendsen, D. van der Spoel and R. van Drunen
GROMACS: A message-passing parallel molecular dynamics implementation
Comp. Phys. Comm. 91 (1995) pp. 43-56
-------- -------- --- Thank You --- -------- --------

Changing nstlist from 10 to 25, rlist from 1.2 to 1.23

Input Parameters:
   integrator                     = md
   tinit                          = 0
   dt                             = 0.002
   nsteps                         = 10000
   init-step                      = 0
   simulation-part                = 1
   comm-mode                      = Linear
   nstcomm                        = 5000
   bd-fric                        = 0
   ld-seed                        = 1271384452
   emtol                          = 10
   emstep                         = 0.01
   niter                          = 20
   fcstep                         = 0
   nstcgsteep                     = 1000
   nbfgscorr                      = 10
   rtpi                           = 0.05
   nstxout                        = 5000
   nstvout                        = 0
   nstfout                        = 0
   nstlog                         = 5000
   nstcalcenergy                  = 100
   nstenergy                      = 5000
   nstxout-compressed             = 0
   compressed-x-precision         = 1000
   cutoff-scheme                  = Verlet
   nstlist                        = 25
   ns-type                        = Grid
   pbc                            = xyz
   periodic-molecules             = false
   verlet-buffer-tolerance        = 0.005
   rlist                          = 1.23
   coulombtype                    = PME
   coulomb-modifier               = None
   rcoulomb-switch                = 0
   rcoulomb                       = 1.2
   epsilon-r                      = 1
   epsilon-rf                     = inf
   vdw-type                       = Cut-off
   vdw-modifier                   = Force-switch
   rvdw-switch                    = 1
   rvdw                           = 1.2
   DispCorr                       = No
   table-extension                = 1
   fourierspacing                 = 0.12
   fourier-nx                     = 160
   fourier-ny                     = 280
   fourier-nz                     = 208
   pme-order                      = 4
   ewald-rtol                     = 1e-05
   ewald-rtol-lj                  = 0.001
   lj-pme-comb-rule               = Geometric
   ewald-geometry                 = 0
   epsilon-surface                = 0
   implicit-solvent               = No
   gb-algorithm                   = Still
   nstgbradii                     = 1
   rgbradii                       = 1
   gb-epsilon-solvent             = 80
   gb-saltconc                    = 0
   gb-obc-alpha                   = 1
   gb-obc-beta                    = 0.8
   gb-obc-gamma                   = 4.85
   gb-dielectric-offset           = 0.009
   sa-algorithm                   = Ace-approximation
   sa-surface-tension             = 2.05016
   tcoupl                         = Berendsen
   nsttcouple                     = 10
   nh-chain-length                = 0
   print-nose-hoover-chain-variables = false
   pcoupl                         = Berendsen
   pcoupltype                     = Semiisotropic
   nstpcouple                     = 10
   tau-p                          = 1
   compressibility (3x3):
      compressibility[    0]={ 0.00000e+00,  0.00000e+00,  0.00000e+00}
      compressibility[    1]={ 0.00000e+00,  0.00000e+00,  0.00000e+00}
      compressibility[    2]={ 0.00000e+00,  0.00000e+00,  4.50000e-05}
   ref-p (3x3):
      ref-p[    0]={ 5.00000e+00,  0.00000e+00,  0.00000e+00}
      ref-p[    1]={ 0.00000e+00,  5.00000e+00,  0.00000e+00}
      ref-p[    2]={ 0.00000e+00,  0.00000e+00,  1.00000e+00}
   refcoord-scaling               = No
   posres-com (3):
      posres-com[0]= 0.00000e+00
      posres-com[1]= 0.00000e+00
      posres-com[2]= 0.00000e+00
   posres-comB (3):
      posres-comB[0]= 0.00000e+00
      posres-comB[1]= 0.00000e+00
      posres-comB[2]= 0.00000e+00
   QMMM                           = false
   QMconstraints                  = 0
   QMMMscheme                     = 0
   MMChargeScaleFactor            = 1
qm-opts:
   ngQM                           = 0
   constraint-algorithm           = Lincs
   continuation                   = true
   Shake-SOR                      = false
   shake-tol                      = 0.0001
   lincs-order                    = 4
   lincs-iter                     = 1
   lincs-warnangle                = 30
   nwall                          = 0
   wall-type                      = 9-3
   wall-r-linpot                  = -1
   wall-atomtype[0]               = -1
   wall-atomtype[1]               = -1
   wall-density[0]                = 0
   wall-density[1]                = 0
   wall-ewald-zfac                = 3
   pull                           = false
   rotation                       = false
   interactiveMD                  = false
   disre                          = No
   disre-weighting                = Conservative
   disre-mixed                    = false
   dr-fc                          = 1000
   dr-tau                         = 0
   nstdisreout                    = 100
   orire-fc                       = 0
   orire-tau                      = 0
   nstorireout                    = 100
   free-energy                    = no
   cos-acceleration               = 0
   deform (3x3):
      deform[    0]={ 0.00000e+00,  0.00000e+00,  0.00000e+00}
      deform[    1]={ 0.00000e+00,  0.00000e+00,  0.00000e+00}
      deform[    2]={ 0.00000e+00,  0.00000e+00,  0.00000e+00}
   simulated-tempering            = false
   E-x:
      n = 0
   E-xt:
      n = 0
   E-y:
      n = 0
   E-yt:
      n = 0
   E-z:
      n = 0
   E-zt:
      n = 0
   swapcoords                     = no
   userint1                       = 0
   userint2                       = 0
   userint3                       = 0
   userint4                       = 0
   userreal1                      = 0
   userreal2                      = 0
   userreal3                      = 0
   userreal4                      = 0
grpopts:
   nrdf:  2.9207e+06
   ref-t:         300
   tau-t:           1
annealing:          No
annealing-npoints:           0
   acc:	           0           0           0
   nfreeze:           N           N           N
   energygrp-flags[  0]: 0


Initializing Domain Decomposition on 1792 ranks
Dynamic load balancing: auto
Initial maximum inter charge-group distances:
    two-body bonded interactions: 0.468 nm, LJ-14, atoms 34984 35084
  multi-body bonded interactions: 0.498 nm, CMAP Dih., atoms 4926 4939
Minimum cell size due to bonded interactions: 0.548 nm
Maximum distance for 5 constraints, at 120 deg. angles, all-trans: 0.222 nm
Estimated maximum distance required for P-LINCS: 0.222 nm
Guess for relative PME load: 0.23
Will use 1344 particle-particle and 448 PME only ranks
This is a guess, check the performance at the end of the log file
Using 448 separate PME ranks, as guessed by mdrun
Scaling the initial minimum size with 1/0.8 (option -dds) = 1.25
Optimizing the DD grid for 1344 cells with a minimum initial size of 0.685 nm
The maximum allowed number of cells is: X 26 Y 46 Z 35
Domain decomposition grid 16 x 14 x 6, separate PME ranks 448
PME domain decomposition: 16 x 28 x 1
Interleaving PP and PME ranks
This rank does only particle-particle work.

Domain decomposition rank 0, coordinates 0 0 0

The initial number of communication pulses is: X 2 Y 1 Z 1
The initial domain decomposition cell size is: X 1.14 nm Y 2.29 nm Z 4.01 nm

The maximum allowed distance for charge groups involved in interactions is:
                 non-bonded interactions           1.230 nm
(the following are initial values, they could change due to box deformation)
            two-body bonded interactions  (-rdd)   1.230 nm
          multi-body bonded interactions  (-rdd)   1.138 nm
  atoms separated by up to 5 constraints  (-rcon)  1.138 nm

When dynamic load balancing gets turned on, these settings will change to:
The maximum number of communication pulses is: X 2 Y 2 Z 2
The minimum size for domain decomposition cells is 0.818 nm
The requested allowed shrink of DD cells (option -dds) is: 0.80
The allowed shrink of domain decomposition cells is: X 0.72 Y 0.36 Z 0.20
The maximum allowed distance for charge groups involved in interactions is:
                 non-bonded interactions           1.230 nm
            two-body bonded interactions  (-rdd)   1.230 nm
          multi-body bonded interactions  (-rdd)   0.818 nm
  atoms separated by up to 5 constraints  (-rcon)  0.818 nm

Using two step summing over 32 groups of on average 42.0 ranks

Using 1792 MPI processes
Using 1 OpenMP thread per MPI process

Will do PME sum in reciprocal space for electrostatic interactions.

++++ PLEASE READ AND CITE THE FOLLOWING REFERENCE ++++
U. Essmann, L. Perera, M. L. Berkowitz, T. Darden, H. Lee and L. G. Pedersen 
A smooth particle mesh Ewald method
J. Chem. Phys. 103 (1995) pp. 8577-8592
-------- -------- --- Thank You --- -------- --------

Will do ordinary reciprocal space Ewald sum.
Using a Gaussian width (1/beta) of 0.384195 nm for Ewald
Cut-off's:   NS: 1.23   Coulomb: 1.2   LJ: 1.2
System total charge: 0.000
Generated table with 1115 data points for 1-4 COUL.
Tabscale = 500 points/nm
Generated table with 1115 data points for 1-4 LJ6.
Tabscale = 500 points/nm
Generated table with 1115 data points for 1-4 LJ12.
Tabscale = 500 points/nm
Potential shift: LJ r^-12: -2.648e-01 r^-6: -5.349e-01, Ewald -0.000e+00
Initialized non-bonded Ewald correction tables, spacing: 1.02e-03 size: 1176


Using SIMD 4x8 non-bonded kernels

Pinning threads with an auto-selected logical core stride of 1

Initializing Parallel LINear Constraint Solver

++++ PLEASE READ AND CITE THE FOLLOWING REFERENCE ++++
B. Hess
P-LINCS: A Parallel Linear Constraint Solver for molecular simulation
J. Chem. Theory Comput. 4 (2008) pp. 116-122
-------- -------- --- Thank You --- -------- --------

The number of constraints is 165440
There are inter charge-group constraints,
will communicate selected coordinates each lincs iteration

++++ PLEASE READ AND CITE THE FOLLOWING REFERENCE ++++
S. Miyamoto and P. A. Kollman
SETTLE: An Analytical Version of the SHAKE and RATTLE Algorithms for Rigid
Water Models
J. Comp. Chem. 13 (1992) pp. 952-962
-------- -------- --- Thank You --- -------- --------


Linking all bonded interactions to atoms

Intra-simulation communication will occur every 5 steps.
Center of mass motion removal mode is Linear
We have the following groups for center of mass motion removal:
  0:  rest

++++ PLEASE READ AND CITE THE FOLLOWING REFERENCE ++++
H. J. C. Berendsen, J. P. M. Postma, A. DiNola and J. R. Haak
Molecular dynamics with coupling to an external bath
J. Chem. Phys. 81 (1984) pp. 3684-3690
-------- -------- --- Thank You --- -------- --------

There are: 1403180 Atoms
Atom distribution over 1344 domains: av 1044 stddev 32 min 964 max 1138

Started mdrun on rank 0 Thu Dec 10 16:35:02 2020
           Step           Time
              0        0.00000

   Energies (kJ/mol)
           Bond            U-B    Proper Dih.  Improper Dih.      CMAP Dih.
    1.36790e+05    6.73804e+05    3.13009e+05    1.00469e+04   -1.64137e+04
          LJ-14     Coulomb-14        LJ (SR)   Coulomb (SR)   Coul. recip.
    9.50523e+04   -6.85144e+05    1.84027e+06   -1.81458e+07    6.45532e+04
      Potential    Kinetic En.   Total Energy    Temperature Pressure (bar)
   -1.57138e+07    3.64376e+06   -1.20701e+07    3.00094e+02   -1.20781e+01
   Constr. rmsd
    6.01433e-06

DD  step 24 load imb.: force 57.7%  pme mesh/force 1.395

step  100: timed with pme grid 160 280 208, coulomb cutoff 1.200: 155.6 M-cycles
step  150: timed with pme grid 144 256 192, coulomb cutoff 1.264: 122.3 M-cycles
step  200: timed with pme grid 128 224 192, coulomb cutoff 1.429: 152.7 M-cycles
step  250: timed with pme grid 144 240 192, coulomb cutoff 1.333: 137.0 M-cycles
step  300: timed with pme grid 144 256 192, coulomb cutoff 1.264: 122.5 M-cycles
step  350: timed with pme grid 160 256 192, coulomb cutoff 1.254: 143.9 M-cycles
step  400: timed with pme grid 160 256 200, coulomb cutoff 1.250: 120.0 M-cycles
step  450: timed with pme grid 160 280 200, coulomb cutoff 1.204: 114.6 M-cycles
              optimal pme grid 160 280 200, coulomb cutoff 1.204

step 2500 Turning on dynamic load balancing, because the performance loss due to load imbalance is 2.9 %.

DD  step 4999  vol min/aver 0.503  load imb.: force  3.8%  pme mesh/force 1.068

           Step           Time
           5000       10.00000

   Energies (kJ/mol)
           Bond            U-B    Proper Dih.  Improper Dih.      CMAP Dih.
    1.36060e+05    6.72838e+05    3.12711e+05    1.01847e+04   -1.65457e+04
          LJ-14     Coulomb-14        LJ (SR)   Coulomb (SR)   Coul. recip.
    9.44110e+04   -6.84664e+05    1.84071e+06   -1.81444e+07    6.39794e+04
      Potential    Kinetic En.   Total Energy    Temperature Pressure (bar)
   -1.57147e+07    3.64432e+06   -1.20704e+07    3.00141e+02   -1.81615e+01
   Constr. rmsd
    6.02485e-06

DD  step 9999  vol min/aver 0.479  load imb.: force  4.2%  pme mesh/force 1.031

           Step           Time
          10000       20.00000

   Energies (kJ/mol)
           Bond            U-B    Proper Dih.  Improper Dih.      CMAP Dih.
    1.37927e+05    6.72528e+05    3.11816e+05    1.03680e+04   -1.64931e+04
          LJ-14     Coulomb-14        LJ (SR)   Coulomb (SR)   Coul. recip.
    9.43097e+04   -6.85796e+05    1.84484e+06   -1.81478e+07    6.42466e+04
      Potential    Kinetic En.   Total Energy    Temperature Pressure (bar)
   -1.57140e+07    3.64450e+06   -1.20695e+07    3.00155e+02   -2.45695e+01
   Constr. rmsd
    6.04111e-06

	<======  ###############  ==>
	<====  A V E R A G E S  ====>
	<==  ###############  ======>

	Statistics over 10001 steps using 101 frames

   Energies (kJ/mol)
           Bond            U-B    Proper Dih.  Improper Dih.      CMAP Dih.
    1.36212e+05    6.73238e+05    3.12511e+05    1.00924e+04   -1.65016e+04
          LJ-14     Coulomb-14        LJ (SR)   Coulomb (SR)   Coul. recip.
    9.45676e+04   -6.84389e+05    1.84184e+06   -1.81447e+07    6.35683e+04
      Potential    Kinetic En.   Total Energy    Temperature Pressure (bar)
   -1.57136e+07    3.64322e+06   -1.20703e+07    3.00050e+02   -2.53040e+00
   Constr. rmsd
    0.00000e+00

          Box-X          Box-Y          Box-Z
    1.82000e+01    3.20000e+01    2.40804e+01

   Total Virial (kJ/mol)
    1.21235e+06   -4.01650e+02    3.39556e+02
   -1.18751e+02    1.20948e+06    1.85467e+03
    4.50428e+02    1.73178e+03    1.22459e+06

   Pressure (bar)
   -1.26089e+01    9.76394e-01   -1.96250e+00
    3.06414e-01   -4.95089e+00   -4.07907e+00
   -2.22506e+00   -3.78805e+00    9.96859e+00


       P P   -   P M E   L O A D   B A L A N C I N G

 PP/PME load balancing changed the cut-off and PME settings:
           particle-particle                    PME
            rcoulomb  rlist            grid      spacing   1/beta
   initial  1.200 nm  1.230 nm     160 280 208   0.116 nm  0.384 nm
   final    1.204 nm  1.234 nm     160 280 200   0.120 nm  0.385 nm
 cost-ratio           1.01             0.96
 (note that these numbers concern only part of the total PP and PME load)


	M E G A - F L O P S   A C C O U N T I N G

 NB=Group-cutoff nonbonded kernels    NxN=N-by-N cluster Verlet kernels
 RF=Reaction-Field  VdW=Van der Waals  QSTab=quadratic-spline table
 W3=SPC/TIP3p  W4=TIP4p (single or pairs)
 V&F=Potential and force  V=Potential only  F=Force only

 Computing:                               M-Number         M-Flops  % Flops
-----------------------------------------------------------------------------
 Pair Search distance check          283479.609992     2551316.490     0.3
 NxN Ewald Elec. + LJ [F]           6841406.867824   533629735.690    62.1
 NxN Ewald Elec. + LJ [V&F]           69717.715392     8993585.286     1.0
 NxN LJ [F]                              21.638784         973.745     0.0
 NxN LJ [V&F]                             0.239616          15.575     0.0
 NxN Ewald Elec. [F]                4312283.541104   263049296.007    30.6
 NxN Ewald Elec. [V&F]                43944.753856     3691359.324     0.4
 1,4 nonbonded interactions            7402.700196      666243.018     0.1
 Calc Weights                         42099.609540     1515585.943     0.2
 Spread Q Bspline                    898125.003520     1796250.007     0.2
 Gather F Bspline                    898125.003520     5388750.021     0.6
 3D-FFT                             4113055.955240    32904447.642     3.8
 Solve PME                            12475.366400      798423.450     0.1
 Reset In Box                           561.272000        1683.816     0.0
 CG-CoM                                 562.675180        1688.026     0.0
 Bonds                                 1121.572146       66172.757     0.0
 Propers                               7956.015522     1821927.555     0.2
 Impropers                              111.671166       23227.603     0.0
 Virial                                1465.123660       26372.226     0.0
 Stop-CM                                  4.209540          42.095     0.0
 P-Coupling                            1403.180000        8419.080     0.0
 Calc-Ekin                             5615.526360      151619.212     0.0
 Lincs                                 1941.145816      116468.749     0.0
 Lincs-Mat                            13049.428356       52197.713     0.0
 Constraint-V                         16582.498394      132659.987     0.0
 Constraint-Vir                        1465.456021       35170.945     0.0
 Settle                                4233.402254     1367388.928     0.2
 CMAP                                    28.342834       48182.818     0.0
 Urey-Bradley                          5292.309178      968492.580     0.1
-----------------------------------------------------------------------------
 Total                                               859807696.286   100.0
-----------------------------------------------------------------------------


    D O M A I N   D E C O M P O S I T I O N   S T A T I S T I C S

 av. #atoms communicated per step for force:  2 x 4279280.7
 av. #atoms communicated per step for LINCS:  2 x 204450.5

 Average load imbalance: 5.6 %
 Part of the total run time spent waiting due to load imbalance: 3.2 %
 Steps where the load balancing was limited by -rdd, -rcon and/or -dds: X 0 % Y 0 % Z 0 %
 Average PME mesh/force load: 1.045
 Part of the total run time spent waiting due to PP/PME imbalance: 2.3 %


     R E A L   C Y C L E   A N D   T I M E   A C C O U N T I N G

On 1344 MPI ranks doing PP, and
on 448 MPI ranks doing PME

 Computing:          Num   Num      Call    Wall time         Giga-Cycles
                     Ranks Threads  Count      (s)         total sum    %
-----------------------------------------------------------------------------
 Domain decomp.      1344    1        400       1.011       2981.216   1.8
 DD comm. load       1344    1        303       0.002          4.755   0.0
 DD comm. bounds     1344    1        301       0.035        102.653   0.1
 Send X to PME       1344    1      10001      17.274      50957.085  30.3
 Neighbor search     1344    1        401       1.078       3180.796   1.9
 Comm. coord.        1344    1       9600       0.940       2774.197   1.7
 Force               1344    1      10001      14.427      42556.963  25.3
 Wait + Comm. F      1344    1      10001       2.923       8621.214   5.1
 PME mesh *           448    1      10001      19.631      19303.279  11.5
 PME wait for PP *                             21.847      21482.363  12.8
 Wait + Recv. PME F  1344    1      10001       2.257       6658.217   4.0
 NB X/F buffer ops.  1344    1      29201       0.255        751.873   0.4
 Write traj.         1344    1          3       0.001          3.136   0.0
 Update              1344    1      10001       0.150        443.333   0.3
 Constraints         1344    1      10001       1.492       4402.356   2.6
 Comm. energies      1344    1       2001       1.205       3553.577   2.1
-----------------------------------------------------------------------------
 Total                                         42.730     168066.140 100.0
-----------------------------------------------------------------------------
(*) Note that with separate PME ranks, the walltime column actually sums to
    twice the total reported, but the cycle count total and % are correct.
-----------------------------------------------------------------------------
 Breakdown of PME mesh computation
-----------------------------------------------------------------------------
 PME redist. X/F      448    1      20002       4.312       4239.900   2.5
 PME spread/gather    448    1      20002       4.907       4824.796   2.9
 PME 3D-FFT           448    1      20002       2.790       2743.766   1.6
 PME 3D-FFT Comm.     448    1      40004       6.885       6770.228   4.0
 PME solve Elec       448    1      10001       0.726        714.328   0.4
-----------------------------------------------------------------------------

               Core t (s)   Wall t (s)        (%)
       Time:    76572.586       42.730   179200.0
                 (ns/day)    (hour/ns)
Performance:       40.444        0.593
Finished mdrun on rank 0 Thu Dec 10 16:35:45 2020
