Log file opened on Thu Dec 10 17:09:37 2020
Host: cpu-h21a8-u1-svn2.cloud.um6p.ma  pid: 106113  rank ID: 0  number of ranks:  1792
                      :-) GROMACS - gmx mdrun, 2016.6 (-:

                            GROMACS is written by:
     Emile Apol      Rossen Apostolov  Herman J.C. Berendsen    Par Bjelkmar   
 Aldert van Buuren   Rudi van Drunen     Anton Feenstra    Gerrit Groenhof  
 Christoph Junghans   Anca Hamuraru    Vincent Hindriksen Dimitrios Karkoulis
    Peter Kasson        Jiri Kraus      Carsten Kutzner      Per Larsson    
  Justin A. Lemkul   Magnus Lundborg   Pieter Meulenhoff    Erik Marklund   
   Teemu Murtola       Szilard Pall       Sander Pronk      Roland Schulz   
  Alexey Shvetsov     Michael Shirts     Alfons Sijbers     Peter Tieleman  
  Teemu Virolainen  Christian Wennberg    Maarten Wolf   
                           and the project leaders:
        Mark Abraham, Berk Hess, Erik Lindahl, and David van der Spoel

Copyright (c) 1991-2000, University of Groningen, The Netherlands.
Copyright (c) 2001-2017, The GROMACS development team at
Uppsala University, Stockholm University and
the Royal Institute of Technology, Sweden.
check out http://www.gromacs.org for more information.

GROMACS is free software; you can redistribute it and/or modify it
under the terms of the GNU Lesser General Public License
as published by the Free Software Foundation; either version 2.1
of the License, or (at your option) any later version.

GROMACS:      gmx mdrun, version 2016.6
Executable:   /mnt/nfs/centos/spack/opt/spack/linux-centos8-cascadelake/gcc-9.1.0/gromacs-2016.6-rvnthv3stez7j5k6xdaylm6brpe4qprc/bin/gmx_mpi
Data prefix:  /mnt/nfs/centos/spack/opt/spack/linux-centos8-cascadelake/gcc-9.1.0/gromacs-2016.6-rvnthv3stez7j5k6xdaylm6brpe4qprc
Working dir:  /mnt/nfs/centos/hpc-tests/stage/um6p/roce-gcc9-ompi3-ucx/gromacs/Gromacs_HECBioSim_3000k_atoms_um6p_roce_gcc9_ompi3_ucx_1792_56
Command line:
  gmx_mpi mdrun -s benchmark.tpr -g 3000k-atoms.log -noconfout

GROMACS version:    2016.6
Precision:          single
Memory model:       64 bit
MPI library:        MPI
OpenMP support:     enabled (GMX_OPENMP_MAX_THREADS = 32)
GPU support:        disabled
SIMD instructions:  AVX_512
FFT library:        fftw-3.3.8-sse2-avx-avx2-avx2_128-avx512
RDTSCP usage:       enabled
TNG support:        enabled
Hwloc support:      hwloc-1.11.6
Tracing support:    disabled
Built on:           Thu Dec 10 14:44:03 UTC 2020
Built by:           centos@slurm-control.cloud.um6p.ma [CMAKE]
Build OS/arch:      Linux 4.18.0-193.19.1.el8_2.x86_64 x86_64
Build CPU vendor:   Unknown
Build CPU brand:    Unknown
Build CPU family:   0   Model: 0   Stepping: 0
Build CPU features: Unknown
C compiler:         /mnt/nfs/centos/spack/lib/spack/env/gcc/gcc GNU 9.1.0
C compiler flags:    -mavx512f -mfma -pthread    -O2 -g -DNDEBUG -funroll-all-loops -fexcess-precision=fast 
C++ compiler:       /mnt/nfs/centos/spack/lib/spack/env/gcc/g++ GNU 9.1.0
C++ compiler flags:  -mavx512f -mfma -pthread   -std=c++0x   -O2 -g -DNDEBUG -funroll-all-loops -fexcess-precision=fast 


Running on 32 nodes with total 1792 cores, 1792 logical cores
  Cores per node:           56
  Logical cores per node:   56
Hardware detected on host cpu-h21a8-u1-svn2.cloud.um6p.ma (the node of MPI rank 0):
  CPU info:
    Vendor: Intel
    Brand:  Intel(R) Xeon(R) Platinum 8276 CPU @ 2.20GHz
    Family: 6   Model: 85   Stepping: 7
    Features: aes apic avx avx2 avx512f avx512cd avx512bw avx512vl clfsh cmov cx8 cx16 f16c fma hle htt lahf mmx msr nonstop_tsc pcid pclmuldq pdcm pdpe1gb popcnt pse rdrnd rdtscp rtm sse2 sse3 sse4.1 sse4.2 ssse3 tdt x2apic
    SIMD instructions most likely to fit this hardware: AVX_512
    SIMD instructions selected at GROMACS compile time: AVX_512

  Hardware topology: Full, with devices
    Sockets, cores, and logical processors:
      Socket  0: [   0] [   2] [   4] [   6] [   8] [  10] [  12] [  14] [  16] [  18] [  20] [  22] [  24] [  26] [  28] [  30] [  32] [  34] [  36] [  38] [  40] [  42] [  44] [  46] [  48] [  50] [  52] [  54]
      Socket  1: [   1] [   3] [   5] [   7] [   9] [  11] [  13] [  15] [  17] [  19] [  21] [  23] [  25] [  27] [  29] [  31] [  33] [  35] [  37] [  39] [  41] [  43] [  45] [  47] [  49] [  51] [  53] [  55]
    Numa nodes:
      Node  0 (99671965696 bytes mem):   0   2   4   6   8  10  12  14  16  18  20  22  24  26  28  30  32  34  36  38  40  42  44  46  48  50  52  54
      Node  1 (101432807424 bytes mem):   1   3   5   7   9  11  13  15  17  19  21  23  25  27  29  31  33  35  37  39  41  43  45  47  49  51  53  55
      Latency:
               0     1
         0  1.00  2.10
         1  2.10  1.00
    Caches:
      L1: 32768 bytes, linesize 64 bytes, assoc. 8, shared 1 ways
      L2: 1048576 bytes, linesize 64 bytes, assoc. 16, shared 1 ways
      L3: 40370176 bytes, linesize 64 bytes, assoc. 11, shared 28 ways
    PCI devices:
      0000:00:11.5  Id: 8086:a1d2  Class: 0x0106  Numa: 0
      0000:00:17.0  Id: 8086:a182  Class: 0x0106  Numa: 0
      0000:03:00.0  Id: 102b:0536  Class: 0x0300  Numa: 0
      0000:5e:00.0  Id: 15b3:101b  Class: 0x0207  Numa: 0
      0000:5e:00.1  Id: 15b3:101b  Class: 0x0200  Numa: 0


++++ PLEASE READ AND CITE THE FOLLOWING REFERENCE ++++
M. J. Abraham, T. Murtola, R. Schulz, S. Páll, J. C. Smith, B. Hess, E.
Lindahl
GROMACS: High performance molecular simulations through multi-level
parallelism from laptops to supercomputers
SoftwareX 1 (2015) pp. 19-25
-------- -------- --- Thank You --- -------- --------


++++ PLEASE READ AND CITE THE FOLLOWING REFERENCE ++++
S. Páll, M. J. Abraham, C. Kutzner, B. Hess, E. Lindahl
Tackling Exascale Software Challenges in Molecular Dynamics Simulations with
GROMACS
In S. Markidis & E. Laure (Eds.), Solving Software Challenges for Exascale 8759 (2015) pp. 3-27
-------- -------- --- Thank You --- -------- --------


++++ PLEASE READ AND CITE THE FOLLOWING REFERENCE ++++
S. Pronk, S. Páll, R. Schulz, P. Larsson, P. Bjelkmar, R. Apostolov, M. R.
Shirts, J. C. Smith, P. M. Kasson, D. van der Spoel, B. Hess, and E. Lindahl
GROMACS 4.5: a high-throughput and highly parallel open source molecular
simulation toolkit
Bioinformatics 29 (2013) pp. 845-54
-------- -------- --- Thank You --- -------- --------


++++ PLEASE READ AND CITE THE FOLLOWING REFERENCE ++++
B. Hess and C. Kutzner and D. van der Spoel and E. Lindahl
GROMACS 4: Algorithms for highly efficient, load-balanced, and scalable
molecular simulation
J. Chem. Theory Comput. 4 (2008) pp. 435-447
-------- -------- --- Thank You --- -------- --------


++++ PLEASE READ AND CITE THE FOLLOWING REFERENCE ++++
D. van der Spoel, E. Lindahl, B. Hess, G. Groenhof, A. E. Mark and H. J. C.
Berendsen
GROMACS: Fast, Flexible and Free
J. Comp. Chem. 26 (2005) pp. 1701-1719
-------- -------- --- Thank You --- -------- --------


++++ PLEASE READ AND CITE THE FOLLOWING REFERENCE ++++
E. Lindahl and B. Hess and D. van der Spoel
GROMACS 3.0: A package for molecular simulation and trajectory analysis
J. Mol. Mod. 7 (2001) pp. 306-317
-------- -------- --- Thank You --- -------- --------


++++ PLEASE READ AND CITE THE FOLLOWING REFERENCE ++++
H. J. C. Berendsen, D. van der Spoel and R. van Drunen
GROMACS: A message-passing parallel molecular dynamics implementation
Comp. Phys. Comm. 91 (1995) pp. 43-56
-------- -------- --- Thank You --- -------- --------

Changing nstlist from 10 to 25, rlist from 1.2 to 1.223

Input Parameters:
   integrator                     = md
   tinit                          = 0
   dt                             = 0.002
   nsteps                         = 10000
   init-step                      = 0
   simulation-part                = 1
   comm-mode                      = Linear
   nstcomm                        = 5000
   bd-fric                        = 0
   ld-seed                        = 3448832404
   emtol                          = 10
   emstep                         = 0.01
   niter                          = 20
   fcstep                         = 0
   nstcgsteep                     = 1000
   nbfgscorr                      = 10
   rtpi                           = 0.05
   nstxout                        = 5000
   nstvout                        = 0
   nstfout                        = 0
   nstlog                         = 5000
   nstcalcenergy                  = 100
   nstenergy                      = 5000
   nstxout-compressed             = 0
   compressed-x-precision         = 1000
   cutoff-scheme                  = Verlet
   nstlist                        = 25
   ns-type                        = Grid
   pbc                            = xyz
   periodic-molecules             = false
   verlet-buffer-tolerance        = 0.005
   rlist                          = 1.223
   coulombtype                    = PME
   coulomb-modifier               = None
   rcoulomb-switch                = 0
   rcoulomb                       = 1.2
   epsilon-r                      = 1
   epsilon-rf                     = inf
   vdw-type                       = Cut-off
   vdw-modifier                   = Force-switch
   rvdw-switch                    = 1
   rvdw                           = 1.2
   DispCorr                       = No
   table-extension                = 1
   fourierspacing                 = 0.12
   fourier-nx                     = 384
   fourier-ny                     = 384
   fourier-nz                     = 128
   pme-order                      = 4
   ewald-rtol                     = 1e-05
   ewald-rtol-lj                  = 0.001
   lj-pme-comb-rule               = Geometric
   ewald-geometry                 = 0
   epsilon-surface                = 0
   implicit-solvent               = No
   gb-algorithm                   = Still
   nstgbradii                     = 1
   rgbradii                       = 1
   gb-epsilon-solvent             = 80
   gb-saltconc                    = 0
   gb-obc-alpha                   = 1
   gb-obc-beta                    = 0.8
   gb-obc-gamma                   = 4.85
   gb-dielectric-offset           = 0.009
   sa-algorithm                   = Ace-approximation
   sa-surface-tension             = 2.05016
   tcoupl                         = Berendsen
   nsttcouple                     = 10
   nh-chain-length                = 0
   print-nose-hoover-chain-variables = false
   pcoupl                         = Berendsen
   pcoupltype                     = Semiisotropic
   nstpcouple                     = 10
   tau-p                          = 5
   compressibility (3x3):
      compressibility[    0]={ 0.00000e+00,  0.00000e+00,  0.00000e+00}
      compressibility[    1]={ 0.00000e+00,  0.00000e+00,  0.00000e+00}
      compressibility[    2]={ 0.00000e+00,  0.00000e+00,  4.50000e-05}
   ref-p (3x3):
      ref-p[    0]={ 0.00000e+00,  0.00000e+00,  0.00000e+00}
      ref-p[    1]={ 0.00000e+00,  0.00000e+00,  0.00000e+00}
      ref-p[    2]={ 0.00000e+00,  0.00000e+00,  1.00000e+00}
   refcoord-scaling               = No
   posres-com (3):
      posres-com[0]= 0.00000e+00
      posres-com[1]= 0.00000e+00
      posres-com[2]= 0.00000e+00
   posres-comB (3):
      posres-comB[0]= 0.00000e+00
      posres-comB[1]= 0.00000e+00
      posres-comB[2]= 0.00000e+00
   QMMM                           = false
   QMconstraints                  = 0
   QMMMscheme                     = 0
   MMChargeScaleFactor            = 1
qm-opts:
   ngQM                           = 0
   constraint-algorithm           = Lincs
   continuation                   = true
   Shake-SOR                      = false
   shake-tol                      = 0.0001
   lincs-order                    = 4
   lincs-iter                     = 1
   lincs-warnangle                = 30
   nwall                          = 0
   wall-type                      = 9-3
   wall-r-linpot                  = -1
   wall-atomtype[0]               = -1
   wall-atomtype[1]               = -1
   wall-density[0]                = 0
   wall-density[1]                = 0
   wall-ewald-zfac                = 3
   pull                           = false
   rotation                       = false
   interactiveMD                  = false
   disre                          = No
   disre-weighting                = Conservative
   disre-mixed                    = false
   dr-fc                          = 1000
   dr-tau                         = 0
   nstdisreout                    = 100
   orire-fc                       = 0
   orire-tau                      = 0
   nstorireout                    = 100
   free-energy                    = no
   cos-acceleration               = 0
   deform (3x3):
      deform[    0]={ 0.00000e+00,  0.00000e+00,  0.00000e+00}
      deform[    1]={ 0.00000e+00,  0.00000e+00,  0.00000e+00}
      deform[    2]={ 0.00000e+00,  0.00000e+00,  0.00000e+00}
   simulated-tempering            = false
   E-x:
      n = 0
   E-xt:
      n = 0
   E-y:
      n = 0
   E-yt:
      n = 0
   E-z:
      n = 0
   E-zt:
      n = 0
   swapcoords                     = no
   userint1                       = 0
   userint2                       = 0
   userint3                       = 0
   userint4                       = 0
   userreal1                      = 0
   userreal2                      = 0
   userreal3                      = 0
   userreal4                      = 0
grpopts:
   nrdf:  6.37861e+06
   ref-t:         300
   tau-t:           1
annealing:          No
annealing-npoints:           0
   acc:	           0           0           0
   nfreeze:           N           N           N
   energygrp-flags[  0]: 0


Initializing Domain Decomposition on 1792 ranks
Dynamic load balancing: auto
Initial maximum inter charge-group distances:
    two-body bonded interactions: 0.463 nm, LJ-14, atoms 3653 4056
  multi-body bonded interactions: 0.504 nm, CMAP Dih., atoms 72708 72725
Minimum cell size due to bonded interactions: 0.555 nm
Maximum distance for 5 constraints, at 120 deg. angles, all-trans: 0.222 nm
Estimated maximum distance required for P-LINCS: 0.222 nm
Guess for relative PME load: 0.22
Will use 1344 particle-particle and 448 PME only ranks
This is a guess, check the performance at the end of the log file
Using 448 separate PME ranks, as guessed by mdrun
Scaling the initial minimum size with 1/0.8 (option -dds) = 1.25
Optimizing the DD grid for 1344 cells with a minimum initial size of 0.694 nm
The maximum allowed number of cells is: X 62 Y 64 Z 21
Domain decomposition grid 14 x 32 x 3, separate PME ranks 448
PME domain decomposition: 14 x 32 x 1
Interleaving PP and PME ranks
This rank does only particle-particle work.

Domain decomposition rank 0, coordinates 0 0 0

The initial number of communication pulses is: X 1 Y 1 Z 1
The initial domain decomposition cell size is: X 3.11 nm Y 1.41 nm Z 5.00 nm

The maximum allowed distance for charge groups involved in interactions is:
                 non-bonded interactions           1.223 nm
(the following are initial values, they could change due to box deformation)
            two-body bonded interactions  (-rdd)   1.223 nm
          multi-body bonded interactions  (-rdd)   1.223 nm
  atoms separated by up to 5 constraints  (-rcon)  1.406 nm

When dynamic load balancing gets turned on, these settings will change to:
The maximum number of communication pulses is: X 2 Y 2 Z 2
The minimum size for domain decomposition cells is 0.955 nm
The requested allowed shrink of DD cells (option -dds) is: 0.80
The allowed shrink of domain decomposition cells is: X 0.31 Y 0.68 Z 0.19
The maximum allowed distance for charge groups involved in interactions is:
                 non-bonded interactions           1.223 nm
            two-body bonded interactions  (-rdd)   1.223 nm
          multi-body bonded interactions  (-rdd)   0.955 nm
  atoms separated by up to 5 constraints  (-rcon)  0.955 nm

Using two step summing over 32 groups of on average 42.0 ranks

Using 1792 MPI processes
Using 1 OpenMP thread per MPI process

Will do PME sum in reciprocal space for electrostatic interactions.

++++ PLEASE READ AND CITE THE FOLLOWING REFERENCE ++++
U. Essmann, L. Perera, M. L. Berkowitz, T. Darden, H. Lee and L. G. Pedersen 
A smooth particle mesh Ewald method
J. Chem. Phys. 103 (1995) pp. 8577-8592
-------- -------- --- Thank You --- -------- --------

Will do ordinary reciprocal space Ewald sum.
Using a Gaussian width (1/beta) of 0.384195 nm for Ewald
Cut-off's:   NS: 1.223   Coulomb: 1.2   LJ: 1.2
System total charge: 0.001
Generated table with 1111 data points for 1-4 COUL.
Tabscale = 500 points/nm
Generated table with 1111 data points for 1-4 LJ6.
Tabscale = 500 points/nm
Generated table with 1111 data points for 1-4 LJ12.
Tabscale = 500 points/nm
Potential shift: LJ r^-12: -2.648e-01 r^-6: -5.349e-01, Ewald -0.000e+00
Initialized non-bonded Ewald correction tables, spacing: 1.02e-03 size: 1176


Using SIMD 4x8 non-bonded kernels

Pinning threads with an auto-selected logical core stride of 1

Initializing Parallel LINear Constraint Solver

++++ PLEASE READ AND CITE THE FOLLOWING REFERENCE ++++
B. Hess
P-LINCS: A Parallel Linear Constraint Solver for molecular simulation
J. Chem. Theory Comput. 4 (2008) pp. 116-122
-------- -------- --- Thank You --- -------- --------

The number of constraints is 573928
There are inter charge-group constraints,
will communicate selected coordinates each lincs iteration

++++ PLEASE READ AND CITE THE FOLLOWING REFERENCE ++++
S. Miyamoto and P. A. Kollman
SETTLE: An Analytical Version of the SHAKE and RATTLE Algorithms for Rigid
Water Models
J. Comp. Chem. 13 (1992) pp. 952-962
-------- -------- --- Thank You --- -------- --------


Linking all bonded interactions to atoms

Intra-simulation communication will occur every 5 steps.
Center of mass motion removal mode is Linear
We have the following groups for center of mass motion removal:
  0:  rest

++++ PLEASE READ AND CITE THE FOLLOWING REFERENCE ++++
H. J. C. Berendsen, J. P. M. Postma, A. DiNola and J. R. Haak
Molecular dynamics with coupling to an external bath
J. Chem. Phys. 81 (1984) pp. 3684-3690
-------- -------- --- Thank You --- -------- --------

There are: 2997924 Atoms
Atom distribution over 1344 domains: av 2230 stddev 104 min 2074 max 2453

Started mdrun on rank 0 Thu Dec 10 17:09:55 2020
           Step           Time
              0        0.00000

   Energies (kJ/mol)
           Bond            U-B    Proper Dih.  Improper Dih.      CMAP Dih.
    4.39630e+05    2.30395e+06    1.04149e+06    2.71773e+04   -2.47970e+04
          LJ-14     Coulomb-14        LJ (SR)   Coulomb (SR)   Coul. recip.
    3.07430e+05   -3.34243e+06    2.45027e+06   -3.22742e+07    1.36508e+05
      Potential    Kinetic En.   Total Energy    Temperature Pressure (bar)
   -2.89349e+07    7.96083e+06   -2.09741e+07    3.00212e+02    1.14945e+01
   Constr. rmsd
    9.79630e-06

DD  step 24 load imb.: force 54.0%  pme mesh/force 1.045


step 75 Turning on dynamic load balancing, because the performance loss due to load imbalance is 11.0 %.

step  200: timed with pme grid 384 384 128, coulomb cutoff 1.200: 210.2 M-cycles
step  250: timed with pme grid 324 336 112, coulomb cutoff 1.346: 215.9 M-cycles
step  300: timed with pme grid 300 300 100, coulomb cutoff 1.501: 299.5 M-cycles
step  350: timed with pme grid 300 320 104, coulomb cutoff 1.453: 248.1 M-cycles
step  400: timed with pme grid 320 320 104, coulomb cutoff 1.443: 244.8 M-cycles
step  450: timed with pme grid 320 320 108, coulomb cutoff 1.406: 232.4 M-cycles
step  500: timed with pme grid 320 324 112, coulomb cutoff 1.389: 226.1 M-cycles

step 500 Turning off dynamic load balancing, because it is degrading performance.

Atom distribution over 1344 domains: av 2230 stddev 103 min 2062 max 2449
step  550: timed with pme grid 320 336 112, coulomb cutoff 1.363: 296.9 M-cycles
step  600: timed with pme grid 324 336 112, coulomb cutoff 1.346: 311.6 M-cycles
step  650: timed with pme grid 336 384 120, coulomb cutoff 1.298: 273.8 M-cycles
step  700: timed with pme grid 384 384 120, coulomb cutoff 1.251: 259.9 M-cycles
step  750: timed with pme grid 384 384 128, coulomb cutoff 1.200: 239.2 M-cycles
              optimal pme grid 384 384 128, coulomb cutoff 1.200
DD  step 4999 load imb.: force 52.6%  pme mesh/force 0.946


step 5000 Turning on dynamic load balancing, because the performance loss due to load imbalance is 2.5 %.

           Step           Time
           5000       10.00000

   Energies (kJ/mol)
           Bond            U-B    Proper Dih.  Improper Dih.      CMAP Dih.
    4.39677e+05    2.30330e+06    1.03989e+06    2.65722e+04   -2.47173e+04
          LJ-14     Coulomb-14        LJ (SR)   Coulomb (SR)   Coul. recip.
    3.06910e+05   -3.34076e+06    2.46668e+06   -3.22912e+07    1.36249e+05
      Potential    Kinetic En.   Total Energy    Temperature Pressure (bar)
   -2.89374e+07    7.95646e+06   -2.09810e+07    3.00047e+02    3.28451e+01
   Constr. rmsd
    9.80203e-06


step 5500 Turning off dynamic load balancing, because it is degrading performance.

Atom distribution over 1344 domains: av 2230 stddev 103 min 2081 max 2467

step 7500 Will no longer try dynamic load balancing, as it degraded performance.

DD  step 9999 load imb.: force 53.7%  pme mesh/force 0.953

           Step           Time
          10000       20.00000

   Energies (kJ/mol)
           Bond            U-B    Proper Dih.  Improper Dih.      CMAP Dih.
    4.37939e+05    2.30844e+06    1.04081e+06    2.67746e+04   -2.48389e+04
          LJ-14     Coulomb-14        LJ (SR)   Coulomb (SR)   Coul. recip.
    3.06408e+05   -3.34274e+06    2.45278e+06   -3.22810e+07    1.36254e+05
      Potential    Kinetic En.   Total Energy    Temperature Pressure (bar)
   -2.89392e+07    7.95558e+06   -2.09836e+07    3.00014e+02    1.33691e+01
   Constr. rmsd
    9.80944e-06

	<======  ###############  ==>
	<====  A V E R A G E S  ====>
	<==  ###############  ======>

	Statistics over 10001 steps using 101 frames

   Energies (kJ/mol)
           Bond            U-B    Proper Dih.  Improper Dih.      CMAP Dih.
    4.39774e+05    2.30506e+06    1.04026e+06    2.68337e+04   -2.48313e+04
          LJ-14     Coulomb-14        LJ (SR)   Coulomb (SR)   Coul. recip.
    3.07248e+05   -3.34035e+06    2.45814e+06   -3.22844e+07    1.34033e+05
      Potential    Kinetic En.   Total Energy    Temperature Pressure (bar)
   -2.89382e+07    7.95728e+06   -2.09809e+07    3.00078e+02    1.34276e+01
   Constr. rmsd
    0.00000e+00

          Box-X          Box-Y          Box-Z
    4.36018e+01    4.49954e+01    1.50130e+01

   Total Virial (kJ/mol)
    2.58926e+06    3.73213e+01    1.36460e+03
   -5.55373e+02    2.59323e+06    1.25321e+03
    1.20431e+03    1.19587e+03    2.73907e+06

   Pressure (bar)
    2.25949e+01    9.38072e-02   -2.17231e+00
    7.62108e-01    1.82307e+01   -1.10497e+00
   -1.99157e+00   -1.04031e+00   -5.42777e-01


	M E G A - F L O P S   A C C O U N T I N G

 NB=Group-cutoff nonbonded kernels    NxN=N-by-N cluster Verlet kernels
 RF=Reaction-Field  VdW=Van der Waals  QSTab=quadratic-spline table
 W3=SPC/TIP3p  W4=TIP4p (single or pairs)
 V&F=Potential and force  V=Potential only  F=Force only

 Computing:                               M-Number         M-Flops  % Flops
-----------------------------------------------------------------------------
 Pair Search distance check          606147.713630     5455329.423     0.3
 NxN Ewald Elec. + LJ [F]          15843762.259808  1235813456.265    66.6
 NxN Ewald Elec. + LJ [V&F]          161440.314096    20825800.518     1.1
 NxN LJ [F]                              38.471200        1731.204     0.0
 NxN LJ [V&F]                             0.403200          26.208     0.0
 NxN Ewald Elec. [F]                7837004.400576   478057268.435    25.8
 NxN Ewald Elec. [V&F]                79865.453424     6708698.088     0.4
 1,4 nonbonded interactions           25358.295576     2282246.602     0.1
 Calc Weights                         89946.713772     3238081.696     0.2
 Spread Q Bspline                   1918863.227136     3837726.454     0.2
 Gather F Bspline                   1918863.227136    11513179.363     0.6
 3D-FFT                             8955867.494872    71646939.959     3.9
 Solve PME                            46585.275392     2981457.625     0.2
 Reset In Box                          1193.173752        3579.521     0.0
 CG-CoM                                1202.167524        3606.503     0.0
 Bonds                                 3754.935456      221541.192     0.0
 Propers                              27709.930716     6345574.134     0.3
 Impropers                              282.628260       58786.678     0.0
 Virial                                3061.462404       55106.323     0.0
 Stop-CM                                  8.993772          89.938     0.0
 P-Coupling                            2997.924000       17987.544     0.0
 Calc-Ekin                            11997.691848      323937.680     0.0
 Lincs                                 6494.797074      389687.824     0.0
 Lincs-Mat                            44337.837060      177351.348     0.0
 Constraint-V                         35586.398094      284691.185     0.0
 Constraint-Vir                        2911.788541       69882.925     0.0
 Settle                                7532.267982     2432922.558     0.1
 CMAP                                    56.685668       96365.636     0.0
 Urey-Bradley                         18173.217140     3325698.737     0.2
-----------------------------------------------------------------------------
 Total                                              1856168751.565   100.0
-----------------------------------------------------------------------------


    D O M A I N   D E C O M P O S I T I O N   S T A T I S T I C S

 av. #atoms communicated per step for force:  2 x 6269545.6
 av. #atoms communicated per step for LINCS:  2 x 335031.0

 Average load imbalance: 14.7 %
 Part of the total run time spent waiting due to load imbalance: 3.4 %
 Average PME mesh/force load: 0.999
 Part of the total run time spent waiting due to PP/PME imbalance: 0.0 %


     R E A L   C Y C L E   A N D   T I M E   A C C O U N T I N G

On 1344 MPI ranks doing PP, and
on 448 MPI ranks doing PME

 Computing:          Num   Num      Call    Wall time         Giga-Cycles
                     Ranks Threads  Count      (s)         total sum    %
-----------------------------------------------------------------------------
 Domain decomp.      1344    1        400      11.537      34032.242  11.4
 DD comm. load       1344    1         43       0.001          1.679   0.0
 DD comm. bounds     1344    1         37       0.008         22.819   0.0
 Send X to PME       1344    1      10001       3.141       9266.454   3.1
 Neighbor search     1344    1        401       2.254       6649.327   2.2
 Comm. coord.        1344    1       9600       1.331       3926.815   1.3
 Force               1344    1      10001      32.416      95622.841  32.1
 Wait + Comm. F      1344    1      10001       9.682      28559.879   9.6
 PME mesh *           448    1      10001      48.318      47511.064  16.0
 PME wait for PP *                             27.372      26915.216   9.0
 Wait + Recv. PME F  1344    1      10001       7.680      22655.135   7.6
 NB X/F buffer ops.  1344    1      29201       0.402       1185.758   0.4
 Write traj.         1344    1          3       0.003          8.260   0.0
 Update              1344    1      10001       0.261        769.866   0.3
 Constraints         1344    1      10001       4.037      11908.980   4.0
 Comm. energies      1344    1       2001       2.773       8180.442   2.7
 Rest                                           0.166        489.033   0.2
-----------------------------------------------------------------------------
 Total                                         75.691     297706.041 100.0
-----------------------------------------------------------------------------
(*) Note that with separate PME ranks, the walltime column actually sums to
    twice the total reported, but the cycle count total and % are correct.
-----------------------------------------------------------------------------
 Breakdown of PME mesh computation
-----------------------------------------------------------------------------
 PME redist. X/F      448    1      20002       6.168       6065.457   2.0
 PME spread/gather    448    1      20002       9.252       9097.252   3.1
 PME 3D-FFT           448    1      20002       5.773       5677.010   1.9
 PME 3D-FFT Comm.     448    1      40004      25.742      25312.070   8.5
 PME solve Elec       448    1      10001       1.366       1343.574   0.5
-----------------------------------------------------------------------------

NOTE: 11 % of the run time was spent in domain decomposition,
      2 % of the run time was spent in pair search,
      you might want to increase nstlist (this has no effect on accuracy)


               Core t (s)   Wall t (s)        (%)
       Time:   135638.066       75.691   179200.0
                 (ns/day)    (hour/ns)
Performance:       22.832        1.051
Finished mdrun on rank 0 Thu Dec 10 17:11:11 2020
