Log file opened on Thu Dec 10 17:12:28 2020
Host: cpu-h21a8-u1-svn2.cloud.um6p.ma  pid: 107554  rank ID: 0  number of ranks:  3136
                      :-) GROMACS - gmx mdrun, 2016.6 (-:

                            GROMACS is written by:
     Emile Apol      Rossen Apostolov  Herman J.C. Berendsen    Par Bjelkmar   
 Aldert van Buuren   Rudi van Drunen     Anton Feenstra    Gerrit Groenhof  
 Christoph Junghans   Anca Hamuraru    Vincent Hindriksen Dimitrios Karkoulis
    Peter Kasson        Jiri Kraus      Carsten Kutzner      Per Larsson    
  Justin A. Lemkul   Magnus Lundborg   Pieter Meulenhoff    Erik Marklund   
   Teemu Murtola       Szilard Pall       Sander Pronk      Roland Schulz   
  Alexey Shvetsov     Michael Shirts     Alfons Sijbers     Peter Tieleman  
  Teemu Virolainen  Christian Wennberg    Maarten Wolf   
                           and the project leaders:
        Mark Abraham, Berk Hess, Erik Lindahl, and David van der Spoel

Copyright (c) 1991-2000, University of Groningen, The Netherlands.
Copyright (c) 2001-2017, The GROMACS development team at
Uppsala University, Stockholm University and
the Royal Institute of Technology, Sweden.
check out http://www.gromacs.org for more information.

GROMACS is free software; you can redistribute it and/or modify it
under the terms of the GNU Lesser General Public License
as published by the Free Software Foundation; either version 2.1
of the License, or (at your option) any later version.

GROMACS:      gmx mdrun, version 2016.6
Executable:   /mnt/nfs/centos/spack/opt/spack/linux-centos8-cascadelake/gcc-9.1.0/gromacs-2016.6-rvnthv3stez7j5k6xdaylm6brpe4qprc/bin/gmx_mpi
Data prefix:  /mnt/nfs/centos/spack/opt/spack/linux-centos8-cascadelake/gcc-9.1.0/gromacs-2016.6-rvnthv3stez7j5k6xdaylm6brpe4qprc
Working dir:  /mnt/nfs/centos/hpc-tests/stage/um6p/roce-gcc9-ompi3-ucx/gromacs/Gromacs_HECBioSim_3000k_atoms_um6p_roce_gcc9_ompi3_ucx_3136_56
Command line:
  gmx_mpi mdrun -s benchmark.tpr -g 3000k-atoms.log -noconfout

GROMACS version:    2016.6
Precision:          single
Memory model:       64 bit
MPI library:        MPI
OpenMP support:     enabled (GMX_OPENMP_MAX_THREADS = 32)
GPU support:        disabled
SIMD instructions:  AVX_512
FFT library:        fftw-3.3.8-sse2-avx-avx2-avx2_128-avx512
RDTSCP usage:       enabled
TNG support:        enabled
Hwloc support:      hwloc-1.11.6
Tracing support:    disabled
Built on:           Thu Dec 10 14:44:03 UTC 2020
Built by:           centos@slurm-control.cloud.um6p.ma [CMAKE]
Build OS/arch:      Linux 4.18.0-193.19.1.el8_2.x86_64 x86_64
Build CPU vendor:   Unknown
Build CPU brand:    Unknown
Build CPU family:   0   Model: 0   Stepping: 0
Build CPU features: Unknown
C compiler:         /mnt/nfs/centos/spack/lib/spack/env/gcc/gcc GNU 9.1.0
C compiler flags:    -mavx512f -mfma -pthread    -O2 -g -DNDEBUG -funroll-all-loops -fexcess-precision=fast 
C++ compiler:       /mnt/nfs/centos/spack/lib/spack/env/gcc/g++ GNU 9.1.0
C++ compiler flags:  -mavx512f -mfma -pthread   -std=c++0x   -O2 -g -DNDEBUG -funroll-all-loops -fexcess-precision=fast 


Running on 56 nodes with total 3136 cores, 3136 logical cores
  Cores per node:           56
  Logical cores per node:   56
Hardware detected on host cpu-h21a8-u1-svn2.cloud.um6p.ma (the node of MPI rank 0):
  CPU info:
    Vendor: Intel
    Brand:  Intel(R) Xeon(R) Platinum 8276 CPU @ 2.20GHz
    Family: 6   Model: 85   Stepping: 7
    Features: aes apic avx avx2 avx512f avx512cd avx512bw avx512vl clfsh cmov cx8 cx16 f16c fma hle htt lahf mmx msr nonstop_tsc pcid pclmuldq pdcm pdpe1gb popcnt pse rdrnd rdtscp rtm sse2 sse3 sse4.1 sse4.2 ssse3 tdt x2apic
    SIMD instructions most likely to fit this hardware: AVX_512
    SIMD instructions selected at GROMACS compile time: AVX_512

  Hardware topology: Full, with devices
    Sockets, cores, and logical processors:
      Socket  0: [   0] [   2] [   4] [   6] [   8] [  10] [  12] [  14] [  16] [  18] [  20] [  22] [  24] [  26] [  28] [  30] [  32] [  34] [  36] [  38] [  40] [  42] [  44] [  46] [  48] [  50] [  52] [  54]
      Socket  1: [   1] [   3] [   5] [   7] [   9] [  11] [  13] [  15] [  17] [  19] [  21] [  23] [  25] [  27] [  29] [  31] [  33] [  35] [  37] [  39] [  41] [  43] [  45] [  47] [  49] [  51] [  53] [  55]
    Numa nodes:
      Node  0 (99671965696 bytes mem):   0   2   4   6   8  10  12  14  16  18  20  22  24  26  28  30  32  34  36  38  40  42  44  46  48  50  52  54
      Node  1 (101432807424 bytes mem):   1   3   5   7   9  11  13  15  17  19  21  23  25  27  29  31  33  35  37  39  41  43  45  47  49  51  53  55
      Latency:
               0     1
         0  1.00  2.10
         1  2.10  1.00
    Caches:
      L1: 32768 bytes, linesize 64 bytes, assoc. 8, shared 1 ways
      L2: 1048576 bytes, linesize 64 bytes, assoc. 16, shared 1 ways
      L3: 40370176 bytes, linesize 64 bytes, assoc. 11, shared 28 ways
    PCI devices:
      0000:00:11.5  Id: 8086:a1d2  Class: 0x0106  Numa: 0
      0000:00:17.0  Id: 8086:a182  Class: 0x0106  Numa: 0
      0000:03:00.0  Id: 102b:0536  Class: 0x0300  Numa: 0
      0000:5e:00.0  Id: 15b3:101b  Class: 0x0207  Numa: 0
      0000:5e:00.1  Id: 15b3:101b  Class: 0x0200  Numa: 0


++++ PLEASE READ AND CITE THE FOLLOWING REFERENCE ++++
M. J. Abraham, T. Murtola, R. Schulz, S. Páll, J. C. Smith, B. Hess, E.
Lindahl
GROMACS: High performance molecular simulations through multi-level
parallelism from laptops to supercomputers
SoftwareX 1 (2015) pp. 19-25
-------- -------- --- Thank You --- -------- --------


++++ PLEASE READ AND CITE THE FOLLOWING REFERENCE ++++
S. Páll, M. J. Abraham, C. Kutzner, B. Hess, E. Lindahl
Tackling Exascale Software Challenges in Molecular Dynamics Simulations with
GROMACS
In S. Markidis & E. Laure (Eds.), Solving Software Challenges for Exascale 8759 (2015) pp. 3-27
-------- -------- --- Thank You --- -------- --------


++++ PLEASE READ AND CITE THE FOLLOWING REFERENCE ++++
S. Pronk, S. Páll, R. Schulz, P. Larsson, P. Bjelkmar, R. Apostolov, M. R.
Shirts, J. C. Smith, P. M. Kasson, D. van der Spoel, B. Hess, and E. Lindahl
GROMACS 4.5: a high-throughput and highly parallel open source molecular
simulation toolkit
Bioinformatics 29 (2013) pp. 845-54
-------- -------- --- Thank You --- -------- --------


++++ PLEASE READ AND CITE THE FOLLOWING REFERENCE ++++
B. Hess and C. Kutzner and D. van der Spoel and E. Lindahl
GROMACS 4: Algorithms for highly efficient, load-balanced, and scalable
molecular simulation
J. Chem. Theory Comput. 4 (2008) pp. 435-447
-------- -------- --- Thank You --- -------- --------


++++ PLEASE READ AND CITE THE FOLLOWING REFERENCE ++++
D. van der Spoel, E. Lindahl, B. Hess, G. Groenhof, A. E. Mark and H. J. C.
Berendsen
GROMACS: Fast, Flexible and Free
J. Comp. Chem. 26 (2005) pp. 1701-1719
-------- -------- --- Thank You --- -------- --------


++++ PLEASE READ AND CITE THE FOLLOWING REFERENCE ++++
E. Lindahl and B. Hess and D. van der Spoel
GROMACS 3.0: A package for molecular simulation and trajectory analysis
J. Mol. Mod. 7 (2001) pp. 306-317
-------- -------- --- Thank You --- -------- --------


++++ PLEASE READ AND CITE THE FOLLOWING REFERENCE ++++
H. J. C. Berendsen, D. van der Spoel and R. van Drunen
GROMACS: A message-passing parallel molecular dynamics implementation
Comp. Phys. Comm. 91 (1995) pp. 43-56
-------- -------- --- Thank You --- -------- --------

Changing nstlist from 10 to 25, rlist from 1.2 to 1.223

Input Parameters:
   integrator                     = md
   tinit                          = 0
   dt                             = 0.002
   nsteps                         = 10000
   init-step                      = 0
   simulation-part                = 1
   comm-mode                      = Linear
   nstcomm                        = 5000
   bd-fric                        = 0
   ld-seed                        = 3448832404
   emtol                          = 10
   emstep                         = 0.01
   niter                          = 20
   fcstep                         = 0
   nstcgsteep                     = 1000
   nbfgscorr                      = 10
   rtpi                           = 0.05
   nstxout                        = 5000
   nstvout                        = 0
   nstfout                        = 0
   nstlog                         = 5000
   nstcalcenergy                  = 100
   nstenergy                      = 5000
   nstxout-compressed             = 0
   compressed-x-precision         = 1000
   cutoff-scheme                  = Verlet
   nstlist                        = 25
   ns-type                        = Grid
   pbc                            = xyz
   periodic-molecules             = false
   verlet-buffer-tolerance        = 0.005
   rlist                          = 1.223
   coulombtype                    = PME
   coulomb-modifier               = None
   rcoulomb-switch                = 0
   rcoulomb                       = 1.2
   epsilon-r                      = 1
   epsilon-rf                     = inf
   vdw-type                       = Cut-off
   vdw-modifier                   = Force-switch
   rvdw-switch                    = 1
   rvdw                           = 1.2
   DispCorr                       = No
   table-extension                = 1
   fourierspacing                 = 0.12
   fourier-nx                     = 384
   fourier-ny                     = 384
   fourier-nz                     = 128
   pme-order                      = 4
   ewald-rtol                     = 1e-05
   ewald-rtol-lj                  = 0.001
   lj-pme-comb-rule               = Geometric
   ewald-geometry                 = 0
   epsilon-surface                = 0
   implicit-solvent               = No
   gb-algorithm                   = Still
   nstgbradii                     = 1
   rgbradii                       = 1
   gb-epsilon-solvent             = 80
   gb-saltconc                    = 0
   gb-obc-alpha                   = 1
   gb-obc-beta                    = 0.8
   gb-obc-gamma                   = 4.85
   gb-dielectric-offset           = 0.009
   sa-algorithm                   = Ace-approximation
   sa-surface-tension             = 2.05016
   tcoupl                         = Berendsen
   nsttcouple                     = 10
   nh-chain-length                = 0
   print-nose-hoover-chain-variables = false
   pcoupl                         = Berendsen
   pcoupltype                     = Semiisotropic
   nstpcouple                     = 10
   tau-p                          = 5
   compressibility (3x3):
      compressibility[    0]={ 0.00000e+00,  0.00000e+00,  0.00000e+00}
      compressibility[    1]={ 0.00000e+00,  0.00000e+00,  0.00000e+00}
      compressibility[    2]={ 0.00000e+00,  0.00000e+00,  4.50000e-05}
   ref-p (3x3):
      ref-p[    0]={ 0.00000e+00,  0.00000e+00,  0.00000e+00}
      ref-p[    1]={ 0.00000e+00,  0.00000e+00,  0.00000e+00}
      ref-p[    2]={ 0.00000e+00,  0.00000e+00,  1.00000e+00}
   refcoord-scaling               = No
   posres-com (3):
      posres-com[0]= 0.00000e+00
      posres-com[1]= 0.00000e+00
      posres-com[2]= 0.00000e+00
   posres-comB (3):
      posres-comB[0]= 0.00000e+00
      posres-comB[1]= 0.00000e+00
      posres-comB[2]= 0.00000e+00
   QMMM                           = false
   QMconstraints                  = 0
   QMMMscheme                     = 0
   MMChargeScaleFactor            = 1
qm-opts:
   ngQM                           = 0
   constraint-algorithm           = Lincs
   continuation                   = true
   Shake-SOR                      = false
   shake-tol                      = 0.0001
   lincs-order                    = 4
   lincs-iter                     = 1
   lincs-warnangle                = 30
   nwall                          = 0
   wall-type                      = 9-3
   wall-r-linpot                  = -1
   wall-atomtype[0]               = -1
   wall-atomtype[1]               = -1
   wall-density[0]                = 0
   wall-density[1]                = 0
   wall-ewald-zfac                = 3
   pull                           = false
   rotation                       = false
   interactiveMD                  = false
   disre                          = No
   disre-weighting                = Conservative
   disre-mixed                    = false
   dr-fc                          = 1000
   dr-tau                         = 0
   nstdisreout                    = 100
   orire-fc                       = 0
   orire-tau                      = 0
   nstorireout                    = 100
   free-energy                    = no
   cos-acceleration               = 0
   deform (3x3):
      deform[    0]={ 0.00000e+00,  0.00000e+00,  0.00000e+00}
      deform[    1]={ 0.00000e+00,  0.00000e+00,  0.00000e+00}
      deform[    2]={ 0.00000e+00,  0.00000e+00,  0.00000e+00}
   simulated-tempering            = false
   E-x:
      n = 0
   E-xt:
      n = 0
   E-y:
      n = 0
   E-yt:
      n = 0
   E-z:
      n = 0
   E-zt:
      n = 0
   swapcoords                     = no
   userint1                       = 0
   userint2                       = 0
   userint3                       = 0
   userint4                       = 0
   userreal1                      = 0
   userreal2                      = 0
   userreal3                      = 0
   userreal4                      = 0
grpopts:
   nrdf:  6.37861e+06
   ref-t:         300
   tau-t:           1
annealing:          No
annealing-npoints:           0
   acc:	           0           0           0
   nfreeze:           N           N           N
   energygrp-flags[  0]: 0


Initializing Domain Decomposition on 3136 ranks
Dynamic load balancing: auto
Initial maximum inter charge-group distances:
    two-body bonded interactions: 0.463 nm, LJ-14, atoms 3653 4056
  multi-body bonded interactions: 0.504 nm, CMAP Dih., atoms 72708 72725
Minimum cell size due to bonded interactions: 0.555 nm
Maximum distance for 5 constraints, at 120 deg. angles, all-trans: 0.222 nm
Estimated maximum distance required for P-LINCS: 0.222 nm
Guess for relative PME load: 0.22
Will use 2352 particle-particle and 784 PME only ranks
This is a guess, check the performance at the end of the log file
Using 784 separate PME ranks, as guessed by mdrun
Scaling the initial minimum size with 1/0.8 (option -dds) = 1.25
Optimizing the DD grid for 2352 cells with a minimum initial size of 0.694 nm
The maximum allowed number of cells is: X 62 Y 64 Z 21
Domain decomposition grid 28 x 28 x 3, separate PME ranks 784
PME domain decomposition: 28 x 28 x 1
Interleaving PP and PME ranks
This rank does only particle-particle work.

Domain decomposition rank 0, coordinates 0 0 0

The initial number of communication pulses is: X 1 Y 1 Z 1
The initial domain decomposition cell size is: X 1.56 nm Y 1.61 nm Z 5.00 nm

The maximum allowed distance for charge groups involved in interactions is:
                 non-bonded interactions           1.223 nm
(the following are initial values, they could change due to box deformation)
            two-body bonded interactions  (-rdd)   1.223 nm
          multi-body bonded interactions  (-rdd)   1.223 nm
  atoms separated by up to 5 constraints  (-rcon)  1.557 nm

When dynamic load balancing gets turned on, these settings will change to:
The maximum number of communication pulses is: X 1 Y 1 Z 1
The minimum size for domain decomposition cells is 1.223 nm
The requested allowed shrink of DD cells (option -dds) is: 0.80
The allowed shrink of domain decomposition cells is: X 0.79 Y 0.76 Z 0.24
The maximum allowed distance for charge groups involved in interactions is:
                 non-bonded interactions           1.223 nm
            two-body bonded interactions  (-rdd)   1.223 nm
          multi-body bonded interactions  (-rdd)   1.223 nm
  atoms separated by up to 5 constraints  (-rcon)  1.223 nm

Using two step summing over 56 groups of on average 42.0 ranks

Using 3136 MPI processes
Using 1 OpenMP thread per MPI process

Will do PME sum in reciprocal space for electrostatic interactions.

++++ PLEASE READ AND CITE THE FOLLOWING REFERENCE ++++
U. Essmann, L. Perera, M. L. Berkowitz, T. Darden, H. Lee and L. G. Pedersen 
A smooth particle mesh Ewald method
J. Chem. Phys. 103 (1995) pp. 8577-8592
-------- -------- --- Thank You --- -------- --------

Will do ordinary reciprocal space Ewald sum.
Using a Gaussian width (1/beta) of 0.384195 nm for Ewald
Cut-off's:   NS: 1.223   Coulomb: 1.2   LJ: 1.2
System total charge: 0.001
Generated table with 1111 data points for 1-4 COUL.
Tabscale = 500 points/nm
Generated table with 1111 data points for 1-4 LJ6.
Tabscale = 500 points/nm
Generated table with 1111 data points for 1-4 LJ12.
Tabscale = 500 points/nm
Potential shift: LJ r^-12: -2.648e-01 r^-6: -5.349e-01, Ewald -0.000e+00
Initialized non-bonded Ewald correction tables, spacing: 1.02e-03 size: 1176


Using SIMD 4x8 non-bonded kernels

Pinning threads with an auto-selected logical core stride of 1

Initializing Parallel LINear Constraint Solver

++++ PLEASE READ AND CITE THE FOLLOWING REFERENCE ++++
B. Hess
P-LINCS: A Parallel Linear Constraint Solver for molecular simulation
J. Chem. Theory Comput. 4 (2008) pp. 116-122
-------- -------- --- Thank You --- -------- --------

The number of constraints is 573928
There are inter charge-group constraints,
will communicate selected coordinates each lincs iteration

++++ PLEASE READ AND CITE THE FOLLOWING REFERENCE ++++
S. Miyamoto and P. A. Kollman
SETTLE: An Analytical Version of the SHAKE and RATTLE Algorithms for Rigid
Water Models
J. Comp. Chem. 13 (1992) pp. 952-962
-------- -------- --- Thank You --- -------- --------


Linking all bonded interactions to atoms

Intra-simulation communication will occur every 5 steps.
Center of mass motion removal mode is Linear
We have the following groups for center of mass motion removal:
  0:  rest

++++ PLEASE READ AND CITE THE FOLLOWING REFERENCE ++++
H. J. C. Berendsen, J. P. M. Postma, A. DiNola and J. R. Haak
Molecular dynamics with coupling to an external bath
J. Chem. Phys. 81 (1984) pp. 3684-3690
-------- -------- --- Thank You --- -------- --------

There are: 2997924 Atoms
Atom distribution over 2352 domains: av 1274 stddev 67 min 1168 max 1421

Started mdrun on rank 0 Thu Dec 10 17:13:04 2020
           Step           Time
              0        0.00000

   Energies (kJ/mol)
           Bond            U-B    Proper Dih.  Improper Dih.      CMAP Dih.
    4.39630e+05    2.30395e+06    1.04149e+06    2.71773e+04   -2.47970e+04
          LJ-14     Coulomb-14        LJ (SR)   Coulomb (SR)   Coul. recip.
    3.07430e+05   -3.34243e+06    2.45027e+06   -3.22743e+07    1.36509e+05
      Potential    Kinetic En.   Total Energy    Temperature Pressure (bar)
   -2.89351e+07    7.96083e+06   -2.09743e+07    3.00212e+02    1.15028e+01
   Constr. rmsd
    9.79658e-06

DD  step 24 load imb.: force 56.0%  pme mesh/force 1.238

step  100: timed with pme grid 384 384 128, coulomb cutoff 1.200: 143.8 M-cycles
step  150: timed with pme grid 324 336 112, coulomb cutoff 1.346: 177.1 M-cycles
step  200: timed with pme grid 336 384 120, coulomb cutoff 1.298: 164.2 M-cycles
step  250: timed with pme grid 384 384 120, coulomb cutoff 1.251: 154.1 M-cycles
step  300: timed with pme grid 384 384 128, coulomb cutoff 1.200: 143.0 M-cycles
              optimal pme grid 384 384 128, coulomb cutoff 1.200

step 2500 Turning on dynamic load balancing, because the performance loss due to load imbalance is 2.6 %.

DD  step 4999  vol min/aver 0.564  load imb.: force  4.5%  pme mesh/force 1.356

           Step           Time
           5000       10.00000

   Energies (kJ/mol)
           Bond            U-B    Proper Dih.  Improper Dih.      CMAP Dih.
    4.40137e+05    2.30440e+06    1.03847e+06    2.68931e+04   -2.47563e+04
          LJ-14     Coulomb-14        LJ (SR)   Coulomb (SR)   Coul. recip.
    3.07875e+05   -3.34024e+06    2.46062e+06   -3.22927e+07    1.35910e+05
      Potential    Kinetic En.   Total Energy    Temperature Pressure (bar)
   -2.89434e+07    7.96139e+06   -2.09820e+07    3.00233e+02    3.42313e+01
   Constr. rmsd
    9.80185e-06


step 5500 Turning off dynamic load balancing, because it is degrading performance.

Atom distribution over 2352 domains: av 1274 stddev 66 min 1162 max 1424
DD  step 9999 load imb.: force 55.1%  pme mesh/force 0.996

           Step           Time
          10000       20.00000

   Energies (kJ/mol)
           Bond            U-B    Proper Dih.  Improper Dih.      CMAP Dih.
    4.39792e+05    2.30753e+06    1.04037e+06    2.63641e+04   -2.43103e+04
          LJ-14     Coulomb-14        LJ (SR)   Coulomb (SR)   Coul. recip.
    3.07737e+05   -3.33729e+06    2.46288e+06   -3.23037e+07    1.36219e+05
      Potential    Kinetic En.   Total Energy    Temperature Pressure (bar)
   -2.89444e+07    7.95659e+06   -2.09878e+07    3.00052e+02    2.64017e+01
   Constr. rmsd
    9.77906e-06

	<======  ###############  ==>
	<====  A V E R A G E S  ====>
	<==  ###############  ======>

	Statistics over 10001 steps using 101 frames

   Energies (kJ/mol)
           Bond            U-B    Proper Dih.  Improper Dih.      CMAP Dih.
    4.39719e+05    2.30518e+06    1.03940e+06    2.68189e+04   -2.46939e+04
          LJ-14     Coulomb-14        LJ (SR)   Coulomb (SR)   Coul. recip.
    3.07149e+05   -3.33978e+06    2.45863e+06   -3.22870e+07    1.35917e+05
      Potential    Kinetic En.   Total Energy    Temperature Pressure (bar)
   -2.89386e+07    7.95724e+06   -2.09814e+07    3.00077e+02    1.47376e+01
   Constr. rmsd
    0.00000e+00

          Box-X          Box-Y          Box-Z
    4.36018e+01    4.49954e+01    1.50132e+01

   Total Virial (kJ/mol)
    2.58832e+06   -2.00169e+03    1.30889e+03
   -1.82565e+03    2.59389e+06    1.31945e+03
    1.27363e+03    1.41801e+03    2.73583e+06

   Pressure (bar)
    2.31613e+01    2.04386e+00   -2.04904e+00
    1.84538e+00    1.68948e+01   -1.37713e+00
   -2.00929e+00   -1.48827e+00    4.15655e+00


	M E G A - F L O P S   A C C O U N T I N G

 NB=Group-cutoff nonbonded kernels    NxN=N-by-N cluster Verlet kernels
 RF=Reaction-Field  VdW=Van der Waals  QSTab=quadratic-spline table
 W3=SPC/TIP3p  W4=TIP4p (single or pairs)
 V&F=Potential and force  V=Potential only  F=Force only

 Computing:                               M-Number         M-Flops  % Flops
-----------------------------------------------------------------------------
 Pair Search distance check          576523.845430     5188714.609     0.3
 NxN Ewald Elec. + LJ [F]          15796705.302432  1232143013.590    66.9
 NxN Ewald Elec. + LJ [V&F]          161329.856016    20811551.426     1.1
 NxN LJ [F]                              31.721696        1427.476     0.0
 NxN LJ [V&F]                             0.362176          23.541     0.0
 NxN Ewald Elec. [F]                7638565.960448   465952523.587    25.3
 NxN Ewald Elec. [V&F]                78019.791888     6553662.519     0.4
 1,4 nonbonded interactions           25358.295576     2282246.602     0.1
 Calc Weights                         89946.713772     3238081.696     0.2
 Spread Q Bspline                   1918863.227136     3837726.454     0.2
 Gather F Bspline                   1918863.227136    11513179.363     0.6
 3D-FFT                             9096179.513172    72769436.105     4.0
 Solve PME                            41211.975168     2637566.411     0.1
 Reset In Box                          1196.171676        3588.515     0.0
 CG-CoM                                1202.167524        3606.503     0.0
 Bonds                                 3754.935456      221541.192     0.0
 Propers                              27709.930716     6345574.134     0.3
 Impropers                              282.628260       58786.678     0.0
 Virial                                3106.867764       55923.620     0.0
 Stop-CM                                  8.993772          89.938     0.0
 P-Coupling                            2997.924000       17987.544     0.0
 Calc-Ekin                            11997.691848      323937.680     0.0
 Lincs                                 6659.951175      399597.071     0.0
 Lincs-Mat                            45476.176776      181904.707     0.0
 Constraint-V                         36274.704258      290197.634     0.0
 Constraint-Vir                        2964.142255       71139.414     0.0
 Settle                                7651.600636     2471467.005     0.1
 CMAP                                    56.685668       96365.636     0.0
 Urey-Bradley                         18173.217140     3325698.737     0.2
-----------------------------------------------------------------------------
 Total                                              1840796559.386   100.0
-----------------------------------------------------------------------------


    D O M A I N   D E C O M P O S I T I O N   S T A T I S T I C S

 av. #atoms communicated per step for force:  2 x 8009327.6
 av. #atoms communicated per step for LINCS:  2 x 401154.6

 Average load imbalance: 7.3 %
 Part of the total run time spent waiting due to load imbalance: 3.0 %
 Average PME mesh/force load: 1.320
 Part of the total run time spent waiting due to PP/PME imbalance: 12.5 %

NOTE: 12.5 % performance was lost because the PME ranks
      had more work to do than the PP ranks.
      You might want to increase the number of PME ranks
      or increase the cut-off and the grid spacing.


     R E A L   C Y C L E   A N D   T I M E   A C C O U N T I N G

On 2352 MPI ranks doing PP, and
on 784 MPI ranks doing PME

 Computing:          Num   Num      Call    Wall time         Giga-Cycles
                     Ranks Threads  Count      (s)         total sum    %
-----------------------------------------------------------------------------
 Domain decomp.      2352    1        400       1.630       8416.036   2.6
 DD comm. load       2352    1        125       0.001          6.805   0.0
 DD comm. bounds     2352    1        120       0.030        154.885   0.0
 Send X to PME       2352    1      10001       8.392      43323.217  13.5
 Neighbor search     2352    1        401       1.257       6488.724   2.0
 Comm. coord.        2352    1       9600       1.009       5207.697   1.6
 Force               2352    1      10001      18.680      96434.236  29.9
 Wait + Comm. F      2352    1      10001       4.668      24097.571   7.5
 PME mesh *           784    1      10001      31.139      53583.271  16.6
 PME wait for PP *                             14.125      24306.014   7.5
 Wait + Recv. PME F  2352    1      10001       7.077      36531.961  11.3
 NB X/F buffer ops.  2352    1      29201       0.268       1383.270   0.4
 Write traj.         2352    1          3       0.002          9.114   0.0
 Update              2352    1      10001       0.149        771.575   0.2
 Constraints         2352    1      10001       1.598       8248.894   2.6
 Comm. energies      2352    1       2001       2.436      12577.382   3.9
-----------------------------------------------------------------------------
 Total                                         46.792     322071.343 100.0
-----------------------------------------------------------------------------
(*) Note that with separate PME ranks, the walltime column actually sums to
    twice the total reported, but the cycle count total and % are correct.
-----------------------------------------------------------------------------
 Breakdown of PME mesh computation
-----------------------------------------------------------------------------
 PME redist. X/F      784    1      20002       3.263       5615.297   1.7
 PME spread/gather    784    1      20002       6.243      10742.806   3.3
 PME 3D-FFT           784    1      20002       3.295       5669.310   1.8
 PME 3D-FFT Comm.     784    1      40004      17.509      30128.878   9.4
 PME solve Elec       784    1      10001       0.818       1407.920   0.4
-----------------------------------------------------------------------------

               Core t (s)   Wall t (s)        (%)
       Time:   146739.016       46.792   313600.0
                 (ns/day)    (hour/ns)
Performance:       36.933        0.650
Finished mdrun on rank 0 Thu Dec 10 17:13:51 2020
